<?xml version="1.0" encoding="UTF-8"?>
<testsuite name="EventTest" tests="6" skipped="0" failures="0" errors="0" timestamp="2017-06-29T23:46:27" hostname="Micks-MacBook-Pro.local" time="0.004">
  <properties/>
  <testcase name="getCost_returnCost_0" classname="EventTest" time="0.002"/>
  <testcase name="verifyCoupon1_NotAValidCoupon_false" classname="EventTest" time="0.0"/>
  <testcase name="newEvent_instantiatesCorrectly_true" classname="EventTest" time="0.0"/>
  <testcase name="verifyCoupon1_isAValidCoupon_true" classname="EventTest" time="0.0"/>
  <testcase name="verifyCoupon2_isAValidCoupon_true" classname="EventTest" time="0.0"/>
  <testcase name="verifyCoupon2_NotAValidCoupon_false" classname="EventTest" time="0.0"/>
  <system-out><![CDATA[]]></system-out>
  <system-err><![CDATA[]]></system-err>
</testsuite>
